{"/media/le-compilateur-martin/c07d9b3f-7f33-4da5-99bc-a3d9b6befb0e2/martin/Bixterprise/TP-Stage/toDoList/src/components/HelloWorld.vue": {"path":"/media/le-compilateur-martin/c07d9b3f-7f33-4da5-99bc-a3d9b6befb0e2/martin/Bixterprise/TP-Stage/toDoList/src/components/HelloWorld.vue","statementMap":{"0":{"start":{"line":90,"column":0},"end":{"line":null,"column":-1}}},"fnMap":{"0":{"name":"data","decl":{"start":{"line":89,"column":0},"end":{"line":null,"column":-1}},"loc":{"start":{"line":89,"column":0},"end":{"line":93,"column":0}}}},"branchMap":{},"s":{"0":0},"f":{"0":0},"b":{}}
}
